<?xml version="1.0" encoding="UTF-8"?>
<!-- Generated by org.testng.reporters.JUnitXMLReporter -->
<testsuite hostname="COMP3" ignored="0" name="Test2" tests="1" failures="1" timestamp="23 Oct 2021 03:57:00 GMT" time="6.032" errors="0">
  <testcase name="validateTitle" time="0.044" classname="MVNProject.E2EProject.TitleValidation">
    <failure type="java.lang.AssertionError" message="expected:&amp;lt;Welcome to ILTR Registry Managers&amp;gt; but was:&amp;lt;Welcome to ILTR Registry Manager&amp;gt;">
      <![CDATA[java.lang.AssertionError: expected:<Welcome to ILTR Registry Managers> but was:<Welcome to ILTR Registry Manager>
at MVNProject.E2EProject.TitleValidation.validateTitle(TitleValidation.java:28)
at java.util.concurrent.FutureTask.run(FutureTask.java:266)
at java.util.concurrent.ThreadPoolExecutor.runWorker(ThreadPoolExecutor.java:1142)
at java.util.concurrent.ThreadPoolExecutor$Worker.run(ThreadPoolExecutor.java:617)
at java.lang.Thread.run(Thread.java:745)
... Removed 18 stack frames]]>
    </failure>
  </testcase> <!-- validateTitle -->
</testsuite> <!-- Test2 -->
