<?xml version="1.0" encoding="UTF-8"?>
<!-- Generated by org.testng.reporters.JUnitXMLReporter -->
<testsuite ignored="0" hostname="DESKTOP-F4931HD" failures="1" tests="1" name="Test2" time="2.447" errors="0" timestamp="2024-08-24T10:39:12 IST">
  <testcase classname="MVNProject.E2EProject.TitleValidation" name="validateTitle" time="0.048">
    <failure type="java.lang.AssertionError" message="expected:&amp;lt;Welcome to ILTR Registry Managers&amp;gt; but was:&amp;lt;Welcome to ILTR Registry Manager&amp;gt;">
      <![CDATA[java.lang.AssertionError: expected:<Welcome to ILTR Registry Managers> but was:<Welcome to ILTR Registry Manager>
at MVNProject.E2EProject.TitleValidation.validateTitle(TitleValidation.java:28)
at java.base/java.util.ArrayList.forEach(ArrayList.java:1597)
... Removed 27 stack frames]]>
    </failure>
  </testcase> <!-- validateTitle -->
</testsuite> <!-- Test2 -->
