<?xml version="1.0" encoding="UTF-8"?>
<testng-results skipped="0" failed="0" ignored="0" total="2" passed="2">
  <reporter-output>
  </reporter-output>
  <suite name="Suite" duration-ms="10361" started-at="2021-10-19T10:00:24 IST" finished-at="2021-10-19T10:00:34 IST">
    <groups>
    </groups>
    <test name="Test" duration-ms="10361" started-at="2021-10-19T10:00:24 IST" finished-at="2021-10-19T10:00:34 IST">
      <class name="MVNProject.E2EProject.HomePageTest">
        <test-method status="PASS" signature="homePageNav()[pri:0, instance:MVNProject.E2EProject.HomePageTest@3c46e67a]" name="homePageNav" is-config="true" duration-ms="8171" started-at="2021-10-19T10:00:24 IST" finished-at="2021-10-19T10:00:32 IST">
          <reporter-output>
          </reporter-output>
        </test-method> <!-- homePageNav -->
        <test-method status="PASS" signature="login(java.lang.String,java.lang.String)[pri:0, instance:MVNProject.E2EProject.HomePageTest@3c46e67a]" name="login" duration-ms="1720" started-at="2021-10-19T10:00:32 IST" data-provider="loginData" finished-at="2021-10-19T10:00:33 IST">
          <params>
            <param index="0">
              <value>
                <![CDATA[gourav@metamagics.com]]>
              </value>
            </param>
            <param index="1">
              <value>
                <![CDATA[Hello]]>
              </value>
            </param>
          </params>
          <reporter-output>
          </reporter-output>
        </test-method> <!-- login -->
        <test-method status="PASS" signature="login(java.lang.String,java.lang.String)[pri:0, instance:MVNProject.E2EProject.HomePageTest@3c46e67a]" name="login" duration-ms="428" started-at="2021-10-19T10:00:33 IST" data-provider="loginData" finished-at="2021-10-19T10:00:34 IST">
          <params>
            <param index="0">
              <value>
                <![CDATA[gourav1@metamagics.com]]>
              </value>
            </param>
            <param index="1">
              <value>
                <![CDATA[Hello]]>
              </value>
            </param>
          </params>
          <reporter-output>
          </reporter-output>
        </test-method> <!-- login -->
        <test-method status="PASS" signature="terminator()[pri:0, instance:MVNProject.E2EProject.HomePageTest@3c46e67a]" name="terminator" is-config="true" duration-ms="0" started-at="2021-10-19T10:00:34 IST" finished-at="2021-10-19T10:00:34 IST">
          <reporter-output>
          </reporter-output>
        </test-method> <!-- terminator -->
      </class> <!-- MVNProject.E2EProject.HomePageTest -->
    </test> <!-- Test -->
  </suite> <!-- Suite -->
</testng-results>
