<?xml version="1.0" encoding="UTF-8"?>
<testsuite xmlns:xsi="http://www.w3.org/2001/XMLSchema-instance" xsi:noNamespaceSchemaLocation="https://maven.apache.org/surefire/maven-surefire-plugin/xsd/surefire-test-report.xsd" version="3.0.2" name="TestSuite" time="20.633" tests="1" errors="0" skipped="0" failures="0">
  <properties>
[...]
</properties>
  <testcase name="validateTitle" classname="MVNProject.E2EProject.TitleValidation" time="0.159">
    <system-out><![CDATA[C:\Users\Admin\git\AutomationFramework11\resources\data.properties
Chrome driver set up with properties
Driver invoked
]]></system-out>
    <system-err><![CDATA[Starting ChromeDriver 128.0.6613.84 (606aa55c7d687518d34b55accc5a71ea0bd28727-refs/branch-heads/6613@{#1335}) on port 34655
Only local connections are allowed.
Please see https://chromedriver.chromium.org/security-considerations for suggestions on keeping ChromeDriver safe.
ChromeDriver was started successfully on port 34655.
Aug 25, 2024 7:08:24 PM org.openqa.selenium.remote.ProtocolHandshake createSession
INFO: Detected dialect: W3C
]]></system-err>
  </testcase>
</testsuite>