<?xml version="1.0" encoding="UTF-8"?>
<testng-results ignored="0" total="3" passed="2" failed="1" skipped="0">
  <reporter-output>
  </reporter-output>
  <suite started-at="2024-08-24T10:39:04 IST" name="Suite" finished-at="2024-08-24T10:39:12 IST" duration-ms="7517">
    <groups>
    </groups>
    <test started-at="2024-08-24T10:39:04 IST" name="Test1" finished-at="2024-08-24T10:39:08 IST" duration-ms="4288">
      <class name="MVNProject.E2EProject.HomePageTest">
        <test-method is-config="true" signature="homePageNav()[pri:0, instance:MVNProject.E2EProject.HomePageTest@6d511b5f]" started-at="2024-08-24T10:39:04 IST" name="homePageNav" finished-at="2024-08-24T10:39:06 IST" duration-ms="1980" status="PASS">
          <reporter-output>
          </reporter-output>
        </test-method> <!-- homePageNav -->
        <test-method signature="login(java.lang.String,java.lang.String)[pri:0, instance:MVNProject.E2EProject.HomePageTest@6d511b5f]" started-at="2024-08-24T10:39:06 IST" name="login" data-provider="loginData" finished-at="2024-08-24T10:39:08 IST" duration-ms="1771" status="PASS">
          <params>
            <param index="0">
              <value>
                <![CDATA[gourav@metamagics.com]]>
              </value>
            </param>
            <param index="1">
              <value>
                <![CDATA[Hello]]>
              </value>
            </param>
          </params>
          <reporter-output>
          </reporter-output>
        </test-method> <!-- login -->
        <test-method signature="login(java.lang.String,java.lang.String)[pri:0, instance:MVNProject.E2EProject.HomePageTest@6d511b5f]" started-at="2024-08-24T10:39:08 IST" name="login" data-provider="loginData" finished-at="2024-08-24T10:39:08 IST" duration-ms="448" status="PASS">
          <params>
            <param index="0">
              <value>
                <![CDATA[gourav1@metamagics.com]]>
              </value>
            </param>
            <param index="1">
              <value>
                <![CDATA[Hello]]>
              </value>
            </param>
          </params>
          <reporter-output>
          </reporter-output>
        </test-method> <!-- login -->
        <test-method is-config="true" signature="terminator()[pri:0, instance:MVNProject.E2EProject.HomePageTest@6d511b5f]" started-at="2024-08-24T10:39:08 IST" name="terminator" finished-at="2024-08-24T10:39:08 IST" duration-ms="1" status="PASS">
          <reporter-output>
          </reporter-output>
        </test-method> <!-- terminator -->
      </class> <!-- MVNProject.E2EProject.HomePageTest -->
    </test> <!-- Test1 -->
    <test started-at="2024-08-24T10:39:09 IST" name="Test2" finished-at="2024-08-24T10:39:12 IST" duration-ms="2447">
      <class name="MVNProject.E2EProject.TitleValidation">
        <test-method is-config="true" signature="homePageNav()[pri:0, instance:MVNProject.E2EProject.TitleValidation@24f43aa3]" started-at="2024-08-24T10:39:09 IST" name="homePageNav" finished-at="2024-08-24T10:39:11 IST" duration-ms="2095" status="PASS">
          <reporter-output>
          </reporter-output>
        </test-method> <!-- homePageNav -->
        <test-method signature="validateTitle()[pri:0, instance:MVNProject.E2EProject.TitleValidation@24f43aa3]" started-at="2024-08-24T10:39:11 IST" name="validateTitle" finished-at="2024-08-24T10:39:11 IST" duration-ms="48" status="FAIL">
          <exception class="java.lang.AssertionError">
            <message>
              <![CDATA[expected:<Welcome to ILTR Registry Managers> but was:<Welcome to ILTR Registry Manager>]]>
            </message>
            <full-stacktrace>
              <![CDATA[java.lang.AssertionError: expected:<Welcome to ILTR Registry Managers> but was:<Welcome to ILTR Registry Manager>
at org.testng.AssertJUnit.assertEquals(AssertJUnit.java:115)
at org.testng.AssertJUnit.assertEquals(AssertJUnit.java:125)
at MVNProject.E2EProject.TitleValidation.validateTitle(TitleValidation.java:28)
at java.base/jdk.internal.reflect.DirectMethodHandleAccessor.invoke(DirectMethodHandleAccessor.java:103)
at java.base/java.lang.reflect.Method.invoke(Method.java:580)
at org.testng.internal.MethodInvocationHelper.invokeMethod(MethodInvocationHelper.java:133)
at org.testng.internal.TestInvoker.invokeMethod(TestInvoker.java:598)
at org.testng.internal.TestInvoker.invokeTestMethod(TestInvoker.java:173)
at org.testng.internal.MethodRunner.runInSequence(MethodRunner.java:46)
at org.testng.internal.TestInvoker$MethodInvocationAgent.invoke(TestInvoker.java:824)
at org.testng.internal.TestInvoker.invokeTestMethods(TestInvoker.java:146)
at org.testng.internal.TestMethodWorker.invokeTestMethods(TestMethodWorker.java:146)
at org.testng.internal.TestMethodWorker.run(TestMethodWorker.java:128)
at java.base/java.util.ArrayList.forEach(ArrayList.java:1597)
at org.testng.TestRunner.privateRun(TestRunner.java:794)
at org.testng.TestRunner.run(TestRunner.java:596)
at org.testng.SuiteRunner.runTest(SuiteRunner.java:377)
at org.testng.SuiteRunner.runSequentially(SuiteRunner.java:371)
at org.testng.SuiteRunner.privateRun(SuiteRunner.java:332)
at org.testng.SuiteRunner.run(SuiteRunner.java:276)
at org.testng.SuiteRunnerWorker.runSuite(SuiteRunnerWorker.java:53)
at org.testng.SuiteRunnerWorker.run(SuiteRunnerWorker.java:96)
at org.testng.TestNG.runSuitesSequentially(TestNG.java:1212)
at org.testng.TestNG.runSuitesLocally(TestNG.java:1134)
at org.testng.TestNG.runSuites(TestNG.java:1063)
at org.testng.TestNG.run(TestNG.java:1031)
at org.testng.remote.AbstractRemoteTestNG.run(AbstractRemoteTestNG.java:115)
at org.testng.remote.RemoteTestNG.initAndRun(RemoteTestNG.java:293)
at org.testng.remote.RemoteTestNG.main(RemoteTestNG.java:91)
]]>
            </full-stacktrace>
          </exception> <!-- java.lang.AssertionError -->
          <reporter-output>
          </reporter-output>
        </test-method> <!-- validateTitle -->
      </class> <!-- MVNProject.E2EProject.TitleValidation -->
    </test> <!-- Test2 -->
  </suite> <!-- Suite -->
</testng-results>
